{"total": {"lines":{"total":47,"covered":2,"skipped":0,"pct":4.25},"statements":{"total":48,"covered":2,"skipped":0,"pct":4.16},"functions":{"total":15,"covered":1,"skipped":0,"pct":6.66},"branches":{"total":19,"covered":0,"skipped":0,"pct":0},"branchesTrue":{"total":0,"covered":0,"skipped":0,"pct":100}}
,"D:\\workSpace\\AI-Project\\project\\ut-generator\\src\\components\\Button.jsx": {"lines":{"total":2,"covered":2,"skipped":0,"pct":100},"functions":{"total":1,"covered":1,"skipped":0,"pct":100},"statements":{"total":2,"covered":2,"skipped":0,"pct":100},"branches":{"total":0,"covered":0,"skipped":0,"pct":100}}
,"D:\\workSpace\\AI-Project\\project\\ut-generator\\src\\core\\generator.js": {"lines":{"total":34,"covered":0,"skipped":0,"pct":0},"functions":{"total":11,"covered":0,"skipped":0,"pct":0},"statements":{"total":34,"covered":0,"skipped":0,"pct":0},"branches":{"total":17,"covered":0,"skipped":0,"pct":0}}
,"D:\\workSpace\\AI-Project\\project\\ut-generator\\src\\templates\\basic.js": {"lines":{"total":1,"covered":0,"skipped":0,"pct":0},"functions":{"total":1,"covered":0,"skipped":0,"pct":0},"statements":{"total":2,"covered":0,"skipped":0,"pct":0},"branches":{"total":0,"covered":0,"skipped":0,"pct":100}}
,"D:\\workSpace\\AI-Project\\project\\ut-generator\\src\\utils\\fileUtils.js": {"lines":{"total":10,"covered":0,"skipped":0,"pct":0},"functions":{"total":2,"covered":0,"skipped":0,"pct":0},"statements":{"total":10,"covered":0,"skipped":0,"pct":0},"branches":{"total":2,"covered":0,"skipped":0,"pct":0}}
}
